<?xml version="1.0" encoding="UTF-8"?>
<testsuite xmlns:xsi="http://www.w3.org/2001/XMLSchema-instance" xsi:noNamespaceSchemaLocation="https://maven.apache.org/surefire/maven-surefire-plugin/xsd/surefire-test-report.xsd" name="TestSuite" time="175.899" tests="45" errors="0" skipped="40" failures="3">
  <properties>
[...]
</properties>
  <testcase name="test" classname="com.geico.com.QuotaTest" time="20.594"/>
  <testcase name="vehiclePositiveTest" classname="com.geico.com.QuotaTest" time="29.673"/>
  <testcase name="driverInfoTest" classname="com.geico.com.QuotaTest" time="24.47">
    <failure message="Unable to locate element: .//*[@id=&apos;maritalStatus&apos;]&#10;For documentation on this error, please visit: http://seleniumhq.org/exceptions/no_such_element.html&#10;Build info: version: &apos;3.6.0&apos;, revision: &apos;6fbf3ec767&apos;, time: &apos;2017-09-27T15:28:36.4Z&apos;&#10;System info: host: &apos;MCTEST&apos;, ip: &apos;10.5.4.156&apos;, os.name: &apos;Windows 7&apos;, os.arch: &apos;amd64&apos;, os.version: &apos;6.1&apos;, java.version: &apos;1.8.0_152&apos;&#10;Driver info: org.openqa.selenium.firefox.FirefoxDriver&#10;Capabilities [{moz:profile=C:\Users\Administrator\AppData\Local\Temp\rust_mozprofile.p6fZm4LcA48C, rotatable=false, timeouts={implicit=0, pageLoad=300000, script=30000}, pageLoadStrategy=normal, moz:headless=false, platform=XP, moz:accessibilityChecks=false, acceptInsecureCerts=true, browserVersion=57.0.2, platformVersion=6.1, moz:processID=7112, browserName=firefox, javascriptEnabled=true, platformName=XP, moz:webdriverClick=false}]&#10;Session ID: a8920d16-ac61-46c0-80fb-43980b2a4d82&#10;*** Element info: {Using=xpath, value=.//*[@id=&apos;maritalStatus&apos;]}" type="org.openqa.selenium.NoSuchElementException">org.openqa.selenium.NoSuchElementException: 
Unable to locate element: .//*[@id='maritalStatus']
For documentation on this error, please visit: http://seleniumhq.org/exceptions/no_such_element.html
Build info: version: '3.6.0', revision: '6fbf3ec767', time: '2017-09-27T15:28:36.4Z'
System info: host: 'MCTEST', ip: '10.5.4.156', os.name: 'Windows 7', os.arch: 'amd64', os.version: '6.1', java.version: '1.8.0_152'
Driver info: org.openqa.selenium.firefox.FirefoxDriver
Capabilities [{moz:profile=C:\Users\Administrator\AppData\Local\Temp\rust_mozprofile.p6fZm4LcA48C, rotatable=false, timeouts={implicit=0, pageLoad=300000, script=30000}, pageLoadStrategy=normal, moz:headless=false, platform=XP, moz:accessibilityChecks=false, acceptInsecureCerts=true, browserVersion=57.0.2, platformVersion=6.1, moz:processID=7112, browserName=firefox, javascriptEnabled=true, platformName=XP, moz:webdriverClick=false}]
Session ID: a8920d16-ac61-46c0-80fb-43980b2a4d82
*** Element info: {Using=xpath, value=.//*[@id='maritalStatus']}
	at com.geico.com.QuotaTest.driverInfoTest(QuotaTest.java:103)
</failure>
  </testcase>
  <testcase name="discountsandcontactinfo" classname="com.geico.com.QuotaTest" time="0">
    <skipped/>
  </testcase>
  <testcase name="quota" classname="com.geico.com.QuotaTest" time="0">
    <skipped/>
  </testcase>
  <testcase name="dataReader" classname="com.geico.com.DataTest" time="0.187">
    <failure message="Unable to locate element: .//*[@id=&apos;submitButton&apos;]&#10;For documentation on this error, please visit: http://seleniumhq.org/exceptions/no_such_element.html&#10;Build info: version: &apos;3.6.0&apos;, revision: &apos;6fbf3ec767&apos;, time: &apos;2017-09-27T15:28:36.4Z&apos;&#10;System info: host: &apos;MCTEST&apos;, ip: &apos;10.5.4.156&apos;, os.name: &apos;Windows 7&apos;, os.arch: &apos;amd64&apos;, os.version: &apos;6.1&apos;, java.version: &apos;1.8.0_152&apos;&#10;Driver info: org.openqa.selenium.firefox.FirefoxDriver&#10;Capabilities [{moz:profile=C:\Users\Administrator\AppData\Local\Temp\rust_mozprofile.z3V2LfoT9kdx, rotatable=false, timeouts={implicit=0, pageLoad=300000, script=30000}, pageLoadStrategy=normal, moz:headless=false, platform=XP, moz:accessibilityChecks=false, acceptInsecureCerts=true, browserVersion=57.0.2, platformVersion=6.1, moz:processID=6592, browserName=firefox, javascriptEnabled=true, platformName=XP, moz:webdriverClick=false}]&#10;Session ID: 51af9886-9d90-403b-925b-89622f700832&#10;*** Element info: {Using=xpath, value=.//*[@id=&apos;submitButton&apos;]}" type="org.openqa.selenium.NoSuchElementException">org.openqa.selenium.NoSuchElementException: 
Unable to locate element: .//*[@id='submitButton']
For documentation on this error, please visit: http://seleniumhq.org/exceptions/no_such_element.html
Build info: version: '3.6.0', revision: '6fbf3ec767', time: '2017-09-27T15:28:36.4Z'
System info: host: 'MCTEST', ip: '10.5.4.156', os.name: 'Windows 7', os.arch: 'amd64', os.version: '6.1', java.version: '1.8.0_152'
Driver info: org.openqa.selenium.firefox.FirefoxDriver
Capabilities [{moz:profile=C:\Users\Administrator\AppData\Local\Temp\rust_mozprofile.z3V2LfoT9kdx, rotatable=false, timeouts={implicit=0, pageLoad=300000, script=30000}, pageLoadStrategy=normal, moz:headless=false, platform=XP, moz:accessibilityChecks=false, acceptInsecureCerts=true, browserVersion=57.0.2, platformVersion=6.1, moz:processID=6592, browserName=firefox, javascriptEnabled=true, platformName=XP, moz:webdriverClick=false}]
Session ID: 51af9886-9d90-403b-925b-89622f700832
*** Element info: {Using=xpath, value=.//*[@id='submitButton']}
	at com.geico.com.DataTest.dataReader(DataTest.java:33)
</failure>
    <system-err><![CDATA[1517871618933	Marionette	DEBUG	Received DOM event "beforeunload" for "https://auto-buy.geico.com/nb#/sale/vehicle/gskmsi/"
1517871619090	Marionette	DEBUG	Received DOM event "pagehide" for "https://auto-buy.geico.com/nb#/sale/vehicle/gskmsi/"
1517871619188	Marionette	DEBUG	Received DOM event "unload" for "https://auto-buy.geico.com/nb#/sale/vehicle/gskmsi/"
1517871620485	Marionette	DEBUG	Received observer notification "outer-window-destroyed" for "4294967313"
1517871620486	Marionette	DEBUG	Received observer notification "outer-window-destroyed" for "4294967319"
1517871620607	Marionette	DEBUG	Received observer notification "outer-window-destroyed" for "4294967323"
1517871620936	Marionette	DEBUG	Received DOM event "DOMContentLoaded" for "https://www.geico.com/"
1517871621833	Marionette	DEBUG	Received DOM event "pageshow" for "https://www.geico.com/"
]]></system-err>
  </testcase>
  <testcase name="dataReader" classname="com.geico.com.DataTest" time="0">
    <skipped/>
  </testcase>
  <testcase name="dataReader" classname="com.geico.com.DataTest" time="0">
    <skipped/>
  </testcase>
  <testcase name="dataReader" classname="com.geico.com.DataTest" time="0">
    <skipped/>
  </testcase>
  <testcase name="dataReader" classname="com.geico.com.DataTest" time="0">
    <skipped/>
  </testcase>
  <testcase name="dataReader" classname="com.geico.com.DataTest" time="0">
    <skipped/>
  </testcase>
  <testcase name="dataReader" classname="com.geico.com.DataTest" time="0">
    <skipped/>
  </testcase>
  <testcase name="dataReader" classname="com.geico.com.DataTest" time="0">
    <skipped/>
  </testcase>
  <testcase name="dataReader" classname="com.geico.com.DataTest" time="0">
    <skipped/>
  </testcase>
  <testcase name="dataReader" classname="com.geico.com.DataTest" time="0">
    <skipped/>
  </testcase>
  <testcase name="dataReader" classname="com.geico.com.DataTest" time="0">
    <skipped/>
  </testcase>
  <testcase name="dataReader" classname="com.geico.com.DataTest" time="0">
    <skipped/>
  </testcase>
  <testcase name="dataReader" classname="com.geico.com.DataTest" time="0">
    <skipped/>
  </testcase>
  <testcase name="dataReader" classname="com.geico.com.DataTest" time="0">
    <skipped/>
  </testcase>
  <testcase name="dataReader" classname="com.geico.com.DataTest" time="0">
    <skipped/>
  </testcase>
  <testcase name="dataReader" classname="com.geico.com.DataTest" time="0">
    <skipped/>
  </testcase>
  <testcase name="dataReader" classname="com.geico.com.DataTest" time="0">
    <skipped/>
  </testcase>
  <testcase name="dataReader" classname="com.geico.com.DataTest" time="0">
    <skipped/>
  </testcase>
  <testcase name="dataReader" classname="com.geico.com.DataTest" time="0">
    <skipped/>
  </testcase>
  <testcase name="dataReader" classname="com.geico.com.DataTest" time="0">
    <skipped/>
  </testcase>
  <testcase name="setUp" classname="com.geico.com.DataTest" time="8.143">
    <failure message="java.net.SocketException: Connection reset&#10;Build info: version: &apos;3.6.0&apos;, revision: &apos;6fbf3ec767&apos;, time: &apos;2017-09-27T15:28:36.4Z&apos;&#10;System info: host: &apos;MCTEST&apos;, ip: &apos;10.5.4.156&apos;, os.name: &apos;Windows 7&apos;, os.arch: &apos;amd64&apos;, os.version: &apos;6.1&apos;, java.version: &apos;1.8.0_152&apos;&#10;Driver info: driver.version: RemoteWebDriver" type="org.openqa.selenium.WebDriverException">org.openqa.selenium.WebDriverException: 
java.net.SocketException: Connection reset
Build info: version: '3.6.0', revision: '6fbf3ec767', time: '2017-09-27T15:28:36.4Z'
System info: host: 'MCTEST', ip: '10.5.4.156', os.name: 'Windows 7', os.arch: 'amd64', os.version: '6.1', java.version: '1.8.0_152'
Driver info: driver.version: RemoteWebDriver
	at com.geico.com.DataTest.setUp(DataTest.java:25)
Caused by: java.net.SocketException: Connection reset
	at com.geico.com.DataTest.setUp(DataTest.java:25)
</failure>
    <system-err><![CDATA[1517871625783	Marionette	DEBUG	Received DOM event "beforeunload" for "https://www.geico.com/"
1517871625943	Marionette	DEBUG	Received DOM event "pagehide" for "https://www.geico.com/"
1517871625948	Marionette	DEBUG	Received DOM event "unload" for "https://www.geico.com/"
1517871627777	Marionette	DEBUG	Received observer notification "outer-window-destroyed" for "4294967324"
1517871628491	Marionette	DEBUG	Received observer notification "outer-window-destroyed" for "4294967328"
1517871628922	Marionette	DEBUG	Received DOM event "DOMContentLoaded" for "https://www.geico.com/"
]]></system-err>
  </testcase>
  <testcase name="setUp" classname="com.geico.com.DataTest" time="0">
    <skipped/>
  </testcase>
  <testcase name="setUp" classname="com.geico.com.DataTest" time="0">
    <skipped/>
  </testcase>
  <testcase name="setUp" classname="com.geico.com.DataTest" time="0">
    <skipped/>
  </testcase>
  <testcase name="setUp" classname="com.geico.com.DataTest" time="0">
    <skipped/>
  </testcase>
  <testcase name="setUp" classname="com.geico.com.DataTest" time="0">
    <skipped/>
  </testcase>
  <testcase name="setUp" classname="com.geico.com.DataTest" time="0">
    <skipped/>
  </testcase>
  <testcase name="setUp" classname="com.geico.com.DataTest" time="0">
    <skipped/>
  </testcase>
  <testcase name="setUp" classname="com.geico.com.DataTest" time="0">
    <skipped/>
  </testcase>
  <testcase name="setUp" classname="com.geico.com.DataTest" time="0">
    <skipped/>
  </testcase>
  <testcase name="setUp" classname="com.geico.com.DataTest" time="0">
    <skipped/>
  </testcase>
  <testcase name="setUp" classname="com.geico.com.DataTest" time="0">
    <skipped/>
  </testcase>
  <testcase name="setUp" classname="com.geico.com.DataTest" time="0">
    <skipped/>
  </testcase>
  <testcase name="setUp" classname="com.geico.com.DataTest" time="0">
    <skipped/>
  </testcase>
  <testcase name="setUp" classname="com.geico.com.DataTest" time="0">
    <skipped/>
  </testcase>
  <testcase name="setUp" classname="com.geico.com.DataTest" time="0">
    <skipped/>
  </testcase>
  <testcase name="setUp" classname="com.geico.com.DataTest" time="0">
    <skipped/>
  </testcase>
  <testcase name="setUp" classname="com.geico.com.DataTest" time="0">
    <skipped/>
  </testcase>
  <testcase name="setUp" classname="com.geico.com.DataTest" time="0">
    <skipped/>
  </testcase>
  <testcase name="cleanUp" classname="com.geico.com.DataTest" time="0">
    <skipped/>
  </testcase>
</testsuite>