<?xml version="1.0" encoding="UTF-8"?>
<testng-results skipped="0" failed="0" total="1" passed="1">
  <reporter-output>
  </reporter-output>
  <suite name="Geico Test Runner" duration-ms="469" started-at="2018-02-02T06:26:30Z" finished-at="2018-02-02T06:26:31Z">
    <groups>
    </groups>
    <test name="Geico" duration-ms="469" started-at="2018-02-02T06:26:30Z" finished-at="2018-02-02T06:26:31Z">
      <class name="com.geico.com.QuotaTest">
        <test-method status="PASS" signature="dataReader()[pri:0, instance:com.geico.com.QuotaTest@13fee20c]" name="dataReader" duration-ms="454" started-at="2018-02-02T01:26:30Z" finished-at="2018-02-02T01:26:31Z">
          <reporter-output>
          </reporter-output>
        </test-method> <!-- dataReader -->
      </class> <!-- com.geico.com.QuotaTest -->
    </test> <!-- Geico -->
  </suite> <!-- Geico Test Runner -->
</testng-results>
